Performing C++ SOURCE FILE Test SDL2PP_WITH_EXPERIMENTAL_OPTIONAL failed with the following output:
Change Dir: /home/riclui/Documentos/Fiuba/TallerDeProgramacionI/Dune/cmake-build-debug/CMakeFiles/CMakeTmp

Run Build Command(s):/usr/bin/gmake -f Makefile cmTC_c86b7/fast && /usr/bin/gmake  -f CMakeFiles/cmTC_c86b7.dir/build.make CMakeFiles/cmTC_c86b7.dir/build
gmake[1]: se entra en el directorio '/home/riclui/Documentos/Fiuba/TallerDeProgramacionI/Dune/cmake-build-debug/CMakeFiles/CMakeTmp'
Building CXX object CMakeFiles/cmTC_c86b7.dir/src.cxx.o
/usr/bin/c++ -DSDL2PP_WITH_EXPERIMENTAL_OPTIONAL  -std=c++11 -pthread -Wall -Werror -pedantic -pedantic-errors -O3 -ggdb -DDEBUG -fno-inline -std=c++11  -o CMakeFiles/cmTC_c86b7.dir/src.cxx.o -c /home/riclui/Documentos/Fiuba/TallerDeProgramacionI/Dune/cmake-build-debug/CMakeFiles/CMakeTmp/src.cxx
/home/riclui/Documentos/Fiuba/TallerDeProgramacionI/Dune/cmake-build-debug/CMakeFiles/CMakeTmp/src.cxx: In function ‘int main()’:
/home/riclui/Documentos/Fiuba/TallerDeProgramacionI/Dune/cmake-build-debug/CMakeFiles/CMakeTmp/src.cxx:2:19: error: ‘std::experimental’ has not been declared
    2 | int main() { std::experimental::optional<int> o; return !o; }
      |                   ^~~~~~~~~~~~
/home/riclui/Documentos/Fiuba/TallerDeProgramacionI/Dune/cmake-build-debug/CMakeFiles/CMakeTmp/src.cxx:2:42: error: expected primary-expression before ‘int’
    2 | int main() { std::experimental::optional<int> o; return !o; }
      |                                          ^~~
/home/riclui/Documentos/Fiuba/TallerDeProgramacionI/Dune/cmake-build-debug/CMakeFiles/CMakeTmp/src.cxx:2:58: error: ‘o’ was not declared in this scope
    2 | int main() { std::experimental::optional<int> o; return !o; }
      |                                                          ^
gmake[1]: *** [CMakeFiles/cmTC_c86b7.dir/build.make:78: CMakeFiles/cmTC_c86b7.dir/src.cxx.o] Error 1
gmake[1]: se sale del directorio '/home/riclui/Documentos/Fiuba/TallerDeProgramacionI/Dune/cmake-build-debug/CMakeFiles/CMakeTmp'
gmake: *** [Makefile:127: cmTC_c86b7/fast] Error 2


Source file was:
#include <experimental/optional>
int main() { std::experimental::optional<int> o; return !o; }
Performing C++ SOURCE FILE Test COMPILER_HAS_DEPRECATED_ATTR failed with the following output:
Change Dir: /home/riclui/Documentos/Fiuba/TallerDeProgramacionI/Dune/cmake-build-debug/CMakeFiles/CMakeTmp

Run Build Command(s):/usr/bin/gmake -f Makefile cmTC_8e44a/fast && /usr/bin/gmake  -f CMakeFiles/cmTC_8e44a.dir/build.make CMakeFiles/cmTC_8e44a.dir/build
gmake[1]: se entra en el directorio '/home/riclui/Documentos/Fiuba/TallerDeProgramacionI/Dune/cmake-build-debug/CMakeFiles/CMakeTmp'
Building CXX object CMakeFiles/cmTC_8e44a.dir/src.cxx.o
/usr/bin/c++ -DCOMPILER_HAS_DEPRECATED_ATTR  -std=c++11 -pthread -Wall -Werror -pedantic -pedantic-errors -O3 -ggdb -DDEBUG -fno-inline -std=c++11  -Wall -Wextra -pedantic  -o CMakeFiles/cmTC_8e44a.dir/src.cxx.o -c /home/riclui/Documentos/Fiuba/TallerDeProgramacionI/Dune/cmake-build-debug/CMakeFiles/CMakeTmp/src.cxx
/home/riclui/Documentos/Fiuba/TallerDeProgramacionI/Dune/cmake-build-debug/CMakeFiles/CMakeTmp/src.cxx: In function ‘int main()’:
/home/riclui/Documentos/Fiuba/TallerDeProgramacionI/Dune/cmake-build-debug/CMakeFiles/CMakeTmp/src.cxx:2:33: error: ‘int somefunc()’ is deprecated [-Werror=deprecated-declarations]
    2 |     int main() { return somefunc();}
      |                         ~~~~~~~~^~
/home/riclui/Documentos/Fiuba/TallerDeProgramacionI/Dune/cmake-build-debug/CMakeFiles/CMakeTmp/src.cxx:1:37: note: declared here
    1 | __attribute__((__deprecated__)) int somefunc() { return 0; }
      |                                     ^~~~~~~~
cc1plus: all warnings being treated as errors
gmake[1]: *** [CMakeFiles/cmTC_8e44a.dir/build.make:78: CMakeFiles/cmTC_8e44a.dir/src.cxx.o] Error 1
gmake[1]: se sale del directorio '/home/riclui/Documentos/Fiuba/TallerDeProgramacionI/Dune/cmake-build-debug/CMakeFiles/CMakeTmp'
gmake: *** [Makefile:127: cmTC_8e44a/fast] Error 2


Source file was:
__attribute__((__deprecated__)) int somefunc() { return 0; }
    int main() { return somefunc();}
Performing C++ SOURCE FILE Test COMPILER_HAS_DEPRECATED failed with the following output:
Change Dir: /home/riclui/Documentos/Fiuba/TallerDeProgramacionI/Dune/cmake-build-debug/CMakeFiles/CMakeTmp

Run Build Command(s):/usr/bin/gmake -f Makefile cmTC_3bada/fast && /usr/bin/gmake  -f CMakeFiles/cmTC_3bada.dir/build.make CMakeFiles/cmTC_3bada.dir/build
gmake[1]: se entra en el directorio '/home/riclui/Documentos/Fiuba/TallerDeProgramacionI/Dune/cmake-build-debug/CMakeFiles/CMakeTmp'
Building CXX object CMakeFiles/cmTC_3bada.dir/src.cxx.o
/usr/bin/c++ -DCOMPILER_HAS_DEPRECATED  -std=c++11 -pthread -Wall -Werror -pedantic -pedantic-errors -O3 -ggdb -DDEBUG -fno-inline -std=c++11  -Wall -Wextra -pedantic  -o CMakeFiles/cmTC_3bada.dir/src.cxx.o -c /home/riclui/Documentos/Fiuba/TallerDeProgramacionI/Dune/cmake-build-debug/CMakeFiles/CMakeTmp/src.cxx
/home/riclui/Documentos/Fiuba/TallerDeProgramacionI/Dune/cmake-build-debug/CMakeFiles/CMakeTmp/src.cxx:1:11: error: expected constructor, destructor, or type conversion before ‘(’ token
    1 | __declspec(deprecated) int somefunc() { return 0; }
      |           ^
/home/riclui/Documentos/Fiuba/TallerDeProgramacionI/Dune/cmake-build-debug/CMakeFiles/CMakeTmp/src.cxx: In function ‘int main()’:
/home/riclui/Documentos/Fiuba/TallerDeProgramacionI/Dune/cmake-build-debug/CMakeFiles/CMakeTmp/src.cxx:2:25: error: ‘somefunc’ was not declared in this scope
    2 |     int main() { return somefunc();}
      |                         ^~~~~~~~
gmake[1]: *** [CMakeFiles/cmTC_3bada.dir/build.make:78: CMakeFiles/cmTC_3bada.dir/src.cxx.o] Error 1
gmake[1]: se sale del directorio '/home/riclui/Documentos/Fiuba/TallerDeProgramacionI/Dune/cmake-build-debug/CMakeFiles/CMakeTmp'
gmake: *** [Makefile:127: cmTC_3bada/fast] Error 2


Source file was:
__declspec(deprecated) int somefunc() { return 0; }
    int main() { return somefunc();}
