Performing C++ SOURCE FILE Test SDL2PP_WITH_EXPERIMENTAL_OPTIONAL failed with the following output:
Change Dir: /home/dypa/Dune/CMakeFiles/CMakeTmp

Run Build Command(s):/usr/bin/gmake cmTC_d3398/fast && /usr/bin/gmake  -f CMakeFiles/cmTC_d3398.dir/build.make CMakeFiles/cmTC_d3398.dir/build
gmake[1]: se entra en el directorio '/home/dypa/Dune/CMakeFiles/CMakeTmp'
Building CXX object CMakeFiles/cmTC_d3398.dir/src.cxx.o
/usr/bin/c++   -std=c++17 -pthread -Wall -Werror -pedantic -pedantic-errors -Wno-dev -O3 -ggdb -DDEBUG -fno-inline -std=c++11 -DSDL2PP_WITH_EXPERIMENTAL_OPTIONAL -o CMakeFiles/cmTC_d3398.dir/src.cxx.o -c /home/dypa/Dune/CMakeFiles/CMakeTmp/src.cxx
/home/dypa/Dune/CMakeFiles/CMakeTmp/src.cxx: In function ‘int main()’:
/home/dypa/Dune/CMakeFiles/CMakeTmp/src.cxx:2:19: error: ‘std::experimental’ has not been declared
    2 | int main() { std::experimental::optional<int> o; return !o; }
      |                   ^~~~~~~~~~~~
/home/dypa/Dune/CMakeFiles/CMakeTmp/src.cxx:2:42: error: expected primary-expression before ‘int’
    2 | int main() { std::experimental::optional<int> o; return !o; }
      |                                          ^~~
/home/dypa/Dune/CMakeFiles/CMakeTmp/src.cxx:2:58: error: ‘o’ was not declared in this scope
    2 | int main() { std::experimental::optional<int> o; return !o; }
      |                                                          ^
At global scope:
cc1plus: note: unrecognized command-line option ‘-Wno-dev’ may have been intended to silence earlier diagnostics
gmake[1]: *** [CMakeFiles/cmTC_d3398.dir/build.make:85: CMakeFiles/cmTC_d3398.dir/src.cxx.o] Error 1
gmake[1]: se sale del directorio '/home/dypa/Dune/CMakeFiles/CMakeTmp'
gmake: *** [Makefile:140: cmTC_d3398/fast] Error 2


Source file was:
#include <experimental/optional>
int main() { std::experimental::optional<int> o; return !o; }
Performing C++ SOURCE FILE Test COMPILER_HAS_DEPRECATED_ATTR failed with the following output:
Change Dir: /home/dypa/Dune/CMakeFiles/CMakeTmp

Run Build Command(s):/usr/bin/gmake cmTC_11073/fast && /usr/bin/gmake  -f CMakeFiles/cmTC_11073.dir/build.make CMakeFiles/cmTC_11073.dir/build
gmake[1]: se entra en el directorio '/home/dypa/Dune/CMakeFiles/CMakeTmp'
Building CXX object CMakeFiles/cmTC_11073.dir/src.cxx.o
/usr/bin/c++   -std=c++17 -pthread -Wall -Werror -pedantic -pedantic-errors -Wno-dev -O3 -ggdb -DDEBUG -fno-inline -std=c++11  -Wall -Wextra -pedantic -DCOMPILER_HAS_DEPRECATED_ATTR -o CMakeFiles/cmTC_11073.dir/src.cxx.o -c /home/dypa/Dune/CMakeFiles/CMakeTmp/src.cxx
/home/dypa/Dune/CMakeFiles/CMakeTmp/src.cxx: In function ‘int main()’:
/home/dypa/Dune/CMakeFiles/CMakeTmp/src.cxx:2:34: error: ‘int somefunc()’ is deprecated [-Werror=deprecated-declarations]
    2 |     int main() { return somefunc();}
      |                                  ^
/home/dypa/Dune/CMakeFiles/CMakeTmp/src.cxx:1:37: note: declared here
    1 | __attribute__((__deprecated__)) int somefunc() { return 0; }
      |                                     ^~~~~~~~
At global scope:
cc1plus: note: unrecognized command-line option ‘-Wno-dev’ may have been intended to silence earlier diagnostics
cc1plus: all warnings being treated as errors
gmake[1]: *** [CMakeFiles/cmTC_11073.dir/build.make:85: CMakeFiles/cmTC_11073.dir/src.cxx.o] Error 1
gmake[1]: se sale del directorio '/home/dypa/Dune/CMakeFiles/CMakeTmp'
gmake: *** [Makefile:140: cmTC_11073/fast] Error 2


Source file was:
__attribute__((__deprecated__)) int somefunc() { return 0; }
    int main() { return somefunc();}
Performing C++ SOURCE FILE Test COMPILER_HAS_DEPRECATED failed with the following output:
Change Dir: /home/dypa/Dune/CMakeFiles/CMakeTmp

Run Build Command(s):/usr/bin/gmake cmTC_cdf55/fast && /usr/bin/gmake  -f CMakeFiles/cmTC_cdf55.dir/build.make CMakeFiles/cmTC_cdf55.dir/build
gmake[1]: se entra en el directorio '/home/dypa/Dune/CMakeFiles/CMakeTmp'
Building CXX object CMakeFiles/cmTC_cdf55.dir/src.cxx.o
/usr/bin/c++   -std=c++17 -pthread -Wall -Werror -pedantic -pedantic-errors -Wno-dev -O3 -ggdb -DDEBUG -fno-inline -std=c++11  -Wall -Wextra -pedantic -DCOMPILER_HAS_DEPRECATED -o CMakeFiles/cmTC_cdf55.dir/src.cxx.o -c /home/dypa/Dune/CMakeFiles/CMakeTmp/src.cxx
/home/dypa/Dune/CMakeFiles/CMakeTmp/src.cxx:1:11: error: expected constructor, destructor, or type conversion before ‘(’ token
    1 | __declspec(deprecated) int somefunc() { return 0; }
      |           ^
/home/dypa/Dune/CMakeFiles/CMakeTmp/src.cxx: In function ‘int main()’:
/home/dypa/Dune/CMakeFiles/CMakeTmp/src.cxx:2:25: error: ‘somefunc’ was not declared in this scope
    2 |     int main() { return somefunc();}
      |                         ^~~~~~~~
At global scope:
cc1plus: note: unrecognized command-line option ‘-Wno-dev’ may have been intended to silence earlier diagnostics
gmake[1]: *** [CMakeFiles/cmTC_cdf55.dir/build.make:85: CMakeFiles/cmTC_cdf55.dir/src.cxx.o] Error 1
gmake[1]: se sale del directorio '/home/dypa/Dune/CMakeFiles/CMakeTmp'
gmake: *** [Makefile:140: cmTC_cdf55/fast] Error 2


Source file was:
__declspec(deprecated) int somefunc() { return 0; }
    int main() { return somefunc();}
